{
  "stats": {
    "suites": 8,
    "tests": 6,
    "passes": 6,
    "pending": 0,
    "failures": 0,
    "start": "2020-07-02T18:01:12.108Z",
    "end": "2020-07-02T18:01:14.578Z",
    "duration": 2470,
    "testsRegistered": 6,
    "passPercent": 100,
    "pendingPercent": 0,
    "other": 0,
    "hasOther": false,
    "skipped": 0,
    "hasSkipped": false
  },
  "results": [
    {
      "uuid": "2c2c3dcb-2d86-437d-916e-2c891186d06e",
      "title": "",
      "fullFile": "",
      "file": "",
      "beforeHooks": [],
      "afterHooks": [],
      "tests": [],
      "suites": [
        {
          "uuid": "03d9222f-1e77-4df3-b49b-05ff1c70e6c5",
          "title": "Post",
          "fullFile": "C:\\projetos\\pessoais\\Automacao_Api_Ticket\\test\\usuarios\\postAutenticarUsuario.spec.js",
          "file": "\\test\\usuarios\\postAutenticarUsuario.spec.js",
          "beforeHooks": [],
          "afterHooks": [],
          "tests": [],
          "suites": [
            {
              "uuid": "79117b38-9d5e-47f4-a5e0-7d18e847ed0e",
              "title": "quando eu autentico com email cadastrado ",
              "fullFile": "C:\\projetos\\pessoais\\Automacao_Api_Ticket\\test\\usuarios\\postAutenticarUsuario.spec.js",
              "file": "\\test\\usuarios\\postAutenticarUsuario.spec.js",
              "beforeHooks": [],
              "afterHooks": [],
              "tests": [
                {
                  "title": "então deve retornar 200",
                  "fullTitle": "Post quando eu autentico com email cadastrado  então deve retornar 200",
                  "timedOut": false,
                  "duration": 1325,
                  "state": "passed",
                  "speed": "slow",
                  "pass": true,
                  "fail": false,
                  "pending": false,
                  "context": null,
                  "code": "let usuario = {\n    \"email\":\"Glennie_Roob54@gmail.com\",\n    \"password\":\"dev100\"\n\n        } \n    chai.request(`${config.URL_BASE}`) \n    .post(\"/usuarios/v3/autenticar\")\n    .send(usuario)\n    .end((err,res) => {\n        if(err) done(err);\n        expect(res).to.have.status(200);\n        expect(res.body.acess_token).to.not.be.null\n        expect(res.body.atualizar_cadastro.atualizar).to.be.false;\n        expect(res.body.atualizar_cadastro.message).to.\n            equals(\"Não é necessário atualizar dados cadastrais.\");\n        expect(res.body.atualizar_cadastro.success).to.be.true;\n        done(); \n    });",
                  "err": {},
                  "uuid": "af9fa86a-6445-458a-9fa2-c7d56bade6b7",
                  "parentUUID": "79117b38-9d5e-47f4-a5e0-7d18e847ed0e",
                  "isHook": false,
                  "skipped": false
                }
              ],
              "suites": [],
              "passes": [
                "af9fa86a-6445-458a-9fa2-c7d56bade6b7"
              ],
              "failures": [],
              "pending": [],
              "skipped": [],
              "duration": 1325,
              "root": false,
              "rootEmpty": false,
              "_timeout": 3000
            },
            {
              "uuid": "ee3980c1-3816-468f-83e6-a1c8b57213ad",
              "title": "quando eu autentico com email não cadastrado",
              "fullFile": "C:\\projetos\\pessoais\\Automacao_Api_Ticket\\test\\usuarios\\postAutenticarUsuario.spec.js",
              "file": "\\test\\usuarios\\postAutenticarUsuario.spec.js",
              "beforeHooks": [],
              "afterHooks": [],
              "tests": [
                {
                  "title": "então deve retornar 400",
                  "fullTitle": "Post quando eu autentico com email não cadastrado então deve retornar 400",
                  "timedOut": false,
                  "duration": 344,
                  "state": "passed",
                  "speed": "slow",
                  "pass": true,
                  "fail": false,
                  "pending": false,
                  "context": null,
                  "code": "let usuario = {\n    \"email\":randonEmail,\n    \"password\":\"dev100\"\n        }       \n    chai.request(`${config.URL_BASE}`) \n    .post(\"/usuarios/v3/autenticar\")\n    .send(usuario)\n    .end((err,res) => {\n        if(err) done(err);\n        expect(res).to.have.status(400);\n         expect(res.body.message).to.\n             equals(\"Parece que você não tem uma conta Ticket com este e-mail.\");\n        expect(res.body.success).to.be.false;\n        done(); \n    });",
                  "err": {},
                  "uuid": "daffcf7b-6fe0-4e14-936b-f7d0cb0313b8",
                  "parentUUID": "ee3980c1-3816-468f-83e6-a1c8b57213ad",
                  "isHook": false,
                  "skipped": false
                }
              ],
              "suites": [],
              "passes": [
                "daffcf7b-6fe0-4e14-936b-f7d0cb0313b8"
              ],
              "failures": [],
              "pending": [],
              "skipped": [],
              "duration": 344,
              "root": false,
              "rootEmpty": false,
              "_timeout": 3000
            },
            {
              "uuid": "3c17ddef-bd4f-40d9-8bfc-998cdefe61c2",
              "title": "quando eu autentico com senha inválida ",
              "fullFile": "C:\\projetos\\pessoais\\Automacao_Api_Ticket\\test\\usuarios\\postAutenticarUsuario.spec.js",
              "file": "\\test\\usuarios\\postAutenticarUsuario.spec.js",
              "beforeHooks": [],
              "afterHooks": [],
              "tests": [
                {
                  "title": "então deve retornar 400",
                  "fullTitle": "Post quando eu autentico com senha inválida  então deve retornar 400",
                  "timedOut": false,
                  "duration": 224,
                  "state": "passed",
                  "speed": "slow",
                  "pass": true,
                  "fail": false,
                  "pending": false,
                  "context": null,
                  "code": "let usuario = {\n    \"email\":\"Glennie_Roob54@gmail.com\",\n    \"password\":\"dev1001\"\n    }\n   \n    chai.request(`${config.URL_BASE}`) \n    .post(\"/usuarios/v3/autenticar\")\n    .send(usuario)\n    .end((err,res) => {\n        if(err) done(err);\n        expect(res).to.have.status(400);\n        \n        expect(res.body.message).to.\n            equals(\"E-mail ou senha inválidos.\");\n         expect(res.body.success).to.be.false;\n        done(); \n    });",
                  "err": {},
                  "uuid": "033cba27-24d0-4410-a159-b11bee9adcff",
                  "parentUUID": "3c17ddef-bd4f-40d9-8bfc-998cdefe61c2",
                  "isHook": false,
                  "skipped": false
                }
              ],
              "suites": [],
              "passes": [
                "033cba27-24d0-4410-a159-b11bee9adcff"
              ],
              "failures": [],
              "pending": [],
              "skipped": [],
              "duration": 224,
              "root": false,
              "rootEmpty": false,
              "_timeout": 3000
            }
          ],
          "passes": [],
          "failures": [],
          "pending": [],
          "skipped": [],
          "duration": 0,
          "root": false,
          "rootEmpty": false,
          "_timeout": 3000
        },
        {
          "uuid": "fbf78c62-4b4b-4c5a-b694-451be4968881",
          "title": "Post",
          "fullFile": "C:\\projetos\\pessoais\\Automacao_Api_Ticket\\test\\usuarios\\postCriarUsuario.spec.js",
          "file": "\\test\\usuarios\\postCriarUsuario.spec.js",
          "beforeHooks": [],
          "afterHooks": [],
          "tests": [],
          "suites": [
            {
              "uuid": "a7257433-3a26-4b53-aebb-e7b6c56052e2",
              "title": "quando eu cadastro um novo usuario",
              "fullFile": "C:\\projetos\\pessoais\\Automacao_Api_Ticket\\test\\usuarios\\postCriarUsuario.spec.js",
              "file": "\\test\\usuarios\\postCriarUsuario.spec.js",
              "beforeHooks": [],
              "afterHooks": [],
              "tests": [
                {
                  "title": "então deve retornar 200",
                  "fullTitle": "Post quando eu cadastro um novo usuario então deve retornar 200",
                  "timedOut": false,
                  "duration": 263,
                  "state": "passed",
                  "speed": "slow",
                  "pass": true,
                  "fail": false,
                  "pending": false,
                  "context": null,
                  "code": "let usuario = {\n        \"name\":\"Martin Seamus McFly\",\n        \"cellphone\":\"(32)9147-4938\",\n        \"email\":randonEmail,\n        \"password\":\"dev100\",\n        \"nascimento\":\"12/06/1968\",\n        \"cpf\":\"54688909179\"\n\n}       \n        chai.request(`${config.URL_BASE}`) \n        .post(\"/usuarios/v3.1\")\n        .send(usuario)\n        .end((err,res) => {\n            if(err) done(err);\n            //jsonData = res;\n            //email = jsonData.body.value.email;\n            expect(res).to.have.status(200);\n            expect(res.body.value.email).to.eqls(randonEmail);\n            expect(res.body.value.aceitoMarketing).to.\n                be.an('boolean');\n            expect(res.body.value.aceitoMarketing).to.eqls(true);\n            expect(res.body.success).to.be.an('boolean');\n            expect(res.body.success).to.be.true;\n            expect(res.body.message).to.eqls(\"\");\n            done(); \n        });",
                  "err": {},
                  "uuid": "7634d7b1-334d-413c-8bff-afa01f72684b",
                  "parentUUID": "a7257433-3a26-4b53-aebb-e7b6c56052e2",
                  "isHook": false,
                  "skipped": false
                }
              ],
              "suites": [],
              "passes": [
                "7634d7b1-334d-413c-8bff-afa01f72684b"
              ],
              "failures": [],
              "pending": [],
              "skipped": [],
              "duration": 263,
              "root": false,
              "rootEmpty": false,
              "_timeout": 3000
            },
            {
              "uuid": "d5e8087e-38c3-4420-a5b3-0171a12b8634",
              "title": "quando não informo email",
              "fullFile": "C:\\projetos\\pessoais\\Automacao_Api_Ticket\\test\\usuarios\\postCriarUsuario.spec.js",
              "file": "\\test\\usuarios\\postCriarUsuario.spec.js",
              "beforeHooks": [],
              "afterHooks": [],
              "tests": [
                {
                  "title": "então deve retornar 400",
                  "fullTitle": "Post quando não informo email então deve retornar 400",
                  "timedOut": false,
                  "duration": 142,
                  "state": "passed",
                  "speed": "slow",
                  "pass": true,
                  "fail": false,
                  "pending": false,
                  "context": null,
                  "code": "let usuario = {\n        \"name\":\"Martin Seamus McFly\",\n        \"cellphone\":\"(32)9147-4938\",\n        \"email\":\"\",\n        \"password\":\"dev100\",\n        \"nascimento\":\"12/06/1968\",\n        \"cpf\":\"54688909179\"\n\n}       \n        chai.request(`${config.URL_BASE}`) \n        .post(\"/usuarios/v3.1\")\n        .send(usuario)\n        .end((err,res) => {\n            if(err) done(err);\n            expect(res).to.have.status(400);\n            expect(res.body.success).to.be.an('boolean');\n            expect(res.body.success).to.be.false;\n            expect(res.body.message).to.eqls(\"Email não informado\");\n            done(); \n        });",
                  "err": {},
                  "uuid": "d34839cf-be9d-4ccc-b50f-9d5e8548626a",
                  "parentUUID": "d5e8087e-38c3-4420-a5b3-0171a12b8634",
                  "isHook": false,
                  "skipped": false
                }
              ],
              "suites": [],
              "passes": [
                "d34839cf-be9d-4ccc-b50f-9d5e8548626a"
              ],
              "failures": [],
              "pending": [],
              "skipped": [],
              "duration": 142,
              "root": false,
              "rootEmpty": false,
              "_timeout": 3000
            },
            {
              "uuid": "c4fb34ca-d987-4b00-990f-c4553b3f86f9",
              "title": "quando não informo email",
              "fullFile": "C:\\projetos\\pessoais\\Automacao_Api_Ticket\\test\\usuarios\\postCriarUsuario.spec.js",
              "file": "\\test\\usuarios\\postCriarUsuario.spec.js",
              "beforeHooks": [],
              "afterHooks": [],
              "tests": [
                {
                  "title": "então deve retornar 400",
                  "fullTitle": "Post quando não informo email então deve retornar 400",
                  "timedOut": false,
                  "duration": 158,
                  "state": "passed",
                  "speed": "slow",
                  "pass": true,
                  "fail": false,
                  "pending": false,
                  "context": null,
                  "code": "let usuario = {\n        \"name\":\"Martin Seamus McFly\",\n        \"cellphone\":\"(32)9147-4938\",\n        \"email\":randonEmail,\n        \"password\":\"\",\n        \"nascimento\":\"12/06/1968\",\n        \"cpf\":\"54688909179\"\n\n}       \n        chai.request(`${config.URL_BASE}`) \n        .post(\"/usuarios/v3.1\")\n        .send(usuario)\n        .end((err,res) => {\n            if(err) done(err);\n            expect(res).to.have.status(400);\n            expect(res.body.success).to.be.an('boolean');\n            expect(res.body.success).to.be.false;\n            expect(res.body.message).to.eqls(\"Senha não informada\");\n            done(); \n        });",
                  "err": {},
                  "uuid": "847af66b-7b49-405a-87dc-9ec25448d19d",
                  "parentUUID": "c4fb34ca-d987-4b00-990f-c4553b3f86f9",
                  "isHook": false,
                  "skipped": false
                }
              ],
              "suites": [],
              "passes": [
                "847af66b-7b49-405a-87dc-9ec25448d19d"
              ],
              "failures": [],
              "pending": [],
              "skipped": [],
              "duration": 158,
              "root": false,
              "rootEmpty": false,
              "_timeout": 3000
            }
          ],
          "passes": [],
          "failures": [],
          "pending": [],
          "skipped": [],
          "duration": 0,
          "root": false,
          "rootEmpty": false,
          "_timeout": 3000
        }
      ],
      "passes": [],
      "failures": [],
      "pending": [],
      "skipped": [],
      "duration": 0,
      "root": true,
      "rootEmpty": true,
      "_timeout": 3000
    }
  ],
  "meta": {
    "mocha": {
      "version": "7.1.2"
    },
    "mochawesome": {
      "options": {
        "quiet": false,
        "reportFilename": "mochawesome",
        "saveHtml": true,
        "saveJson": true,
        "consoleReporter": "spec",
        "useInlineDiffs": false,
        "code": true
      },
      "version": "6.1.1"
    },
    "marge": {
      "options": null,
      "version": "5.1.0"
    }
  }
}